Configuring MonadRandom-0.4.1...
Building MonadRandom-0.4.1...
Preprocessing library MonadRandom-0.4.1...
[1 of 2] Compiling Control.Monad.Random.Class ( Control/Monad/Random/Class.hs, .stack-work/dist/x86_64-osx/Cabal-1.22.4.0/build/Control/Monad/Random/Class.o )
[2 of 2] Compiling Control.Monad.Random ( Control/Monad/Random.hs, .stack-work/dist/x86_64-osx/Cabal-1.22.4.0/build/Control/Monad/Random.o )

/var/folders/kb/vdrzws0d2l963y7qsvl79fkc0000gn/T/ghc18075_0/ghc_1.hscpp:177:1: Warning:
    The import of ‘Control.Applicative’ is redundant
      except perhaps to import instances from ‘Control.Applicative’
    To import instances alone, use: import Control.Applicative()

/var/folders/kb/vdrzws0d2l963y7qsvl79fkc0000gn/T/ghc18075_0/ghc_1.hscpp:181:1: Warning:
    Module ‘Control.Monad.Error’ is deprecated:
      Use Control.Monad.Except instead

/var/folders/kb/vdrzws0d2l963y7qsvl79fkc0000gn/T/ghc18075_0/ghc_1.hscpp:197:1: Warning:
    The import of ‘Data.Monoid’ is redundant
      except perhaps to import instances from ‘Data.Monoid’
    To import instances alone, use: import Data.Monoid()

/var/folders/kb/vdrzws0d2l963y7qsvl79fkc0000gn/T/ghc18075_0/ghc_1.hscpp:329:11: Warning:
    In the use of type constructor or class ‘Error’
    (imported from Control.Monad.Error, but defined in Control.Monad.Trans.Error):
    Deprecated: "Use Control.Monad.Trans.Except instead"

/var/folders/kb/vdrzws0d2l963y7qsvl79fkc0000gn/T/ghc18075_0/ghc_1.hscpp:329:51: Warning:
    In the use of type constructor or class ‘ErrorT’
    (imported from Control.Monad.Error, but defined in Control.Monad.Trans.Error):
    Deprecated: "Use Control.Monad.Trans.Except instead"

/var/folders/kb/vdrzws0d2l963y7qsvl79fkc0000gn/T/ghc18075_0/ghc_1.hscpp:374:11: Warning:
    In the use of type constructor or class ‘Error’
    (imported from Control.Monad.Error, but defined in Control.Monad.Trans.Error):
    Deprecated: "Use Control.Monad.Trans.Except instead"

/var/folders/kb/vdrzws0d2l963y7qsvl79fkc0000gn/T/ghc18075_0/ghc_1.hscpp:374:53: Warning:
    In the use of type constructor or class ‘ErrorT’
    (imported from Control.Monad.Error, but defined in Control.Monad.Trans.Error):
    Deprecated: "Use Control.Monad.Trans.Except instead"
In-place registering MonadRandom-0.4.1...
Installing library in
/Users/Kimolas/.stack/snapshots/x86_64-osx/lts-3.15/7.10.2/lib/x86_64-osx-ghc-7.10.2/MonadRandom-0.4.1-0bJZwt9rPZZ9PYns70Wdrp
Registering MonadRandom-0.4.1...
